TN:
SF:controllers\authController.js
FN:7,(anonymous_0)
FN:18,(anonymous_1)
FN:39,(anonymous_2)
FNF:3
FNH:3
FNDA:2,(anonymous_0)
FNDA:3,(anonymous_1)
FNDA:3,(anonymous_2)
DA:1,2
DA:2,2
DA:3,2
DA:4,2
DA:8,2
DA:9,2
DA:10,2
DA:11,2
DA:12,1
DA:14,1
DA:19,3
DA:20,3
DA:21,3
DA:22,3
DA:23,2
DA:25,1
DA:26,1
DA:35,2
DA:40,3
DA:41,3
DA:44,3
DA:47,3
DA:52,2
DA:53,2
DA:56,2
DA:58,2
DA:60,1
DA:68,2
DA:74,2
DA:85,1
DA:86,1
DA:94,2
LF:32
LH:32
BRDA:22,0,0,2
BRDA:22,0,1,1
BRDA:22,1,0,3
BRDA:22,1,1,2
BRDA:58,2,0,1
BRDA:58,2,1,1
BRF:6
BRH:6
end_of_record
TN:
SF:controllers\geminiController.js
FN:5,(anonymous_0)
FN:23,(anonymous_1)
FN:43,(anonymous_2)
FN:45,(anonymous_3)
FN:99,(anonymous_4)
FN:148,(anonymous_5)
FN:176,(anonymous_6)
FN:191,(anonymous_7)
FN:242,(anonymous_8)
FN:244,(anonymous_9)
FNF:10
FNH:9
FNDA:10,(anonymous_0)
FNDA:12,(anonymous_1)
FNDA:0,(anonymous_2)
FNDA:12,(anonymous_3)
FNDA:5,(anonymous_4)
FNDA:9,(anonymous_5)
FNDA:10,(anonymous_6)
FNDA:10,(anonymous_7)
FNDA:8,(anonymous_8)
FNDA:11,(anonymous_9)
DA:1,2
DA:2,2
DA:6,10
DA:7,10
DA:9,10
DA:10,1
DA:14,9
DA:15,8
DA:18,8
DA:23,12
DA:33,7
DA:43,0
DA:45,12
DA:68,7
DA:69,6
DA:70,5
DA:74,5
DA:76,5
DA:77,5
DA:78,4
DA:80,1
DA:84,1
DA:96,5
DA:98,5
DA:99,4
DA:100,5
DA:103,4
DA:104,4
DA:122,5
DA:136,5
DA:137,5
DA:138,1
DA:140,4
DA:149,9
DA:150,9
DA:151,9
DA:154,9
DA:155,9
DA:163,8
DA:164,1
DA:167,7
DA:168,1
DA:172,6
DA:173,6
DA:176,10
DA:186,6
DA:191,10
DA:217,6
DA:218,5
DA:219,5
DA:223,5
DA:224,5
DA:225,5
DA:226,4
DA:228,1
DA:231,1
DA:242,8
DA:244,11
DA:248,5
DA:264,4
DA:265,4
DA:270,2
LF:62
LH:61
BRDA:7,0,0,0
BRDA:7,1,0,0
BRDA:9,2,0,1
BRDA:9,2,1,9
BRDA:39,3,0,6
BRDA:39,3,1,1
BRDA:40,4,0,7
BRDA:40,4,1,7
BRDA:41,5,0,7
BRDA:41,5,1,1
BRDA:43,6,0,0
BRDA:43,6,1,7
BRDA:77,7,0,4
BRDA:77,7,1,1
BRDA:98,8,0,5
BRDA:98,8,1,0
BRDA:103,9,0,4
BRDA:103,9,1,0
BRDA:126,10,0,5
BRDA:126,10,1,0
BRDA:127,11,0,5
BRDA:127,11,1,0
BRDA:137,12,0,1
BRDA:137,12,1,4
BRDA:163,13,0,1
BRDA:163,13,1,7
BRDA:167,14,0,1
BRDA:167,14,1,6
BRDA:196,15,0,10
BRDA:196,15,1,1
BRDA:197,16,0,10
BRDA:197,16,1,1
BRDA:198,17,0,9
BRDA:198,17,1,1
BRDA:225,18,0,4
BRDA:225,18,1,1
BRDA:253,19,0,5
BRDA:253,19,1,0
BRDA:254,20,0,5
BRDA:254,20,1,0
BRDA:255,21,0,5
BRDA:255,21,1,0
BRF:42
BRH:32
end_of_record
TN:
SF:controllers\pokemonController.js
FN:5,(anonymous_0)
FN:36,(anonymous_1)
FNF:2
FNH:2
FNDA:6,(anonymous_0)
FNDA:3,(anonymous_1)
DA:1,2
DA:2,2
DA:6,6
DA:7,6
DA:8,6
DA:11,6
DA:12,2
DA:16,6
DA:17,3
DA:18,1
DA:20,2
DA:24,6
DA:28,5
DA:30,1
DA:31,1
DA:37,3
DA:38,3
DA:39,3
DA:40,2
DA:41,1
DA:43,2
DA:48,2
LF:22
LH:22
BRDA:11,0,0,2
BRDA:11,0,1,4
BRDA:16,1,0,3
BRDA:16,1,1,3
BRDA:17,2,0,1
BRDA:17,2,1,2
BRDA:40,3,0,1
BRDA:40,3,1,1
BRF:8
BRH:8
end_of_record
TN:
SF:controllers\teamController.js
FN:5,(anonymous_0)
FN:24,(anonymous_1)
FN:40,(anonymous_2)
FN:59,(anonymous_3)
FN:75,(anonymous_4)
FN:109,(anonymous_5)
FN:109,(anonymous_6)
FN:138,(anonymous_7)
FN:153,(anonymous_8)
FN:169,(anonymous_9)
FN:186,(anonymous_10)
FN:202,(anonymous_11)
FN:220,(anonymous_12)
FNF:13
FNH:12
FNDA:3,(anonymous_0)
FNDA:3,(anonymous_1)
FNDA:0,(anonymous_2)
FNDA:2,(anonymous_3)
FNDA:3,(anonymous_4)
FNDA:3,(anonymous_5)
FNDA:3,(anonymous_6)
FNDA:2,(anonymous_7)
FNDA:2,(anonymous_8)
FNDA:1,(anonymous_9)
FNDA:4,(anonymous_10)
FNDA:3,(anonymous_11)
FNDA:2,(anonymous_12)
DA:1,2
DA:6,3
DA:7,3
DA:8,1
DA:10,2
DA:11,2
DA:12,2
DA:13,1
DA:16,1
DA:18,2
DA:19,2
DA:25,3
DA:26,3
DA:27,3
DA:28,3
DA:29,3
DA:31,2
DA:32,2
DA:34,1
DA:35,1
DA:37,0
DA:38,0
DA:39,0
DA:40,0
DA:42,0
DA:44,0
DA:45,0
DA:51,0
DA:52,0
DA:54,3
DA:60,2
DA:61,2
DA:62,2
DA:63,2
DA:64,2
DA:65,2
DA:66,2
DA:67,1
DA:68,1
DA:70,1
DA:76,3
DA:77,3
DA:83,3
DA:84,3
DA:85,3
DA:88,3
DA:89,0
DA:93,3
DA:100,3
DA:102,3
DA:103,1
DA:107,2
DA:108,2
DA:109,3
DA:110,1
DA:111,1
DA:115,2
DA:121,2
DA:124,2
DA:128,0
DA:133,0
DA:139,2
DA:140,2
DA:141,2
DA:145,1
DA:147,1
DA:148,1
DA:154,2
DA:155,2
DA:156,2
DA:158,2
DA:159,2
DA:161,1
DA:166,1
DA:169,1
DA:178,1
DA:180,1
DA:181,1
DA:187,4
DA:188,4
DA:189,4
DA:190,1
DA:192,3
DA:193,3
DA:194,3
DA:195,3
DA:196,3
DA:197,3
DA:198,2
DA:199,1
DA:201,1
DA:202,3
DA:207,1
DA:209,2
DA:212,2
DA:214,2
DA:215,2
DA:221,2
DA:222,2
DA:223,2
DA:224,2
DA:225,2
DA:226,1
DA:227,1
DA:228,1
DA:230,1
DA:231,1
DA:236,2
LF:108
LH:96
BRDA:7,0,0,1
BRDA:7,0,1,2
BRDA:29,1,0,1
BRDA:29,1,1,2
BRDA:32,2,0,1
BRDA:32,2,1,1
BRDA:35,3,0,1
BRDA:35,3,1,0
BRDA:40,4,0,0
BRDA:40,4,1,0
BRDA:64,5,0,0
BRDA:64,5,1,2
BRDA:66,6,0,1
BRDA:66,6,1,1
BRDA:88,7,0,0
BRDA:88,7,1,3
BRDA:88,8,0,3
BRDA:88,8,1,3
BRDA:88,8,2,3
BRDA:100,9,0,2
BRDA:100,9,1,1
BRDA:102,10,0,1
BRDA:102,10,1,2
BRDA:108,11,0,1
BRDA:108,11,1,1
BRDA:108,12,0,2
BRDA:108,12,1,2
BRDA:110,13,0,1
BRDA:110,13,1,0
BRDA:117,14,0,2
BRDA:117,14,1,0
BRDA:118,15,0,2
BRDA:118,15,1,1
BRDA:159,16,0,1
BRDA:159,16,1,1
BRDA:189,17,0,1
BRDA:189,17,1,3
BRDA:195,18,0,0
BRDA:195,18,1,3
BRDA:196,19,0,2
BRDA:196,19,1,1
BRDA:197,20,0,2
BRDA:197,20,1,1
BRDA:198,21,0,1
BRDA:198,21,1,1
BRDA:225,22,0,1
BRDA:225,22,1,1
BRF:47
BRH:39
end_of_record
TN:
SF:helpers\bcrypt.js
FN:2,(anonymous_0)
FN:7,(anonymous_1)
FNF:2
FNH:2
FNDA:4,(anonymous_0)
FNDA:3,(anonymous_1)
DA:1,3
DA:2,3
DA:3,4
DA:4,4
DA:7,3
DA:8,3
DA:11,3
LF:7
LH:7
BRF:0
BRH:0
end_of_record
TN:
SF:helpers\jwt.js
FN:7,(anonymous_0)
FN:12,(anonymous_1)
FNF:2
FNH:2
FNDA:5,(anonymous_0)
FNDA:4,(anonymous_1)
DA:1,5
DA:3,5
DA:7,5
DA:8,5
DA:12,5
DA:13,4
DA:16,5
LF:7
LH:7
BRF:0
BRH:0
end_of_record
TN:
SF:middlewares\auth.js
FN:5,(anonymous_0)
FNF:1
FNH:1
FNDA:12,(anonymous_0)
DA:2,2
DA:3,2
DA:5,2
DA:6,12
DA:7,12
DA:9,10
DA:11,10
DA:13,8
DA:14,8
DA:15,5
DA:16,5
DA:18,3
LF:12
LH:12
BRDA:7,0,0,2
BRDA:7,0,1,10
BRDA:11,1,0,2
BRDA:11,1,1,8
BRF:4
BRH:4
end_of_record
TN:
SF:middlewares\errorHandler.js
FN:1,errorHandlerMiddleware
FNF:1
FNH:1
FNDA:15,errorHandlerMiddleware
DA:1,1
DA:3,15
DA:4,4
DA:6,11
DA:7,2
DA:9,9
DA:10,1
DA:13,8
DA:14,2
DA:17,6
DA:18,2
DA:20,4
DA:21,2
DA:23,2
LF:14
LH:14
BRDA:3,0,0,4
BRDA:3,0,1,11
BRDA:3,1,0,15
BRDA:3,1,1,12
BRDA:6,2,0,2
BRDA:6,2,1,9
BRDA:9,3,0,1
BRDA:9,3,1,8
BRDA:13,4,0,2
BRDA:13,4,1,6
BRDA:17,5,0,2
BRDA:17,5,1,4
BRDA:20,6,0,2
BRDA:20,6,1,2
BRF:14
BRH:14
end_of_record
TN:
SF:models\move.js
FN:3,(anonymous_0)
FN:5,(anonymous_1)
FNF:2
FNH:2
FNDA:9,(anonymous_0)
FNDA:9,(anonymous_1)
DA:2,9
DA:3,9
DA:7,9
DA:33,9
LF:4
LH:4
BRF:0
BRH:0
end_of_record
TN:
SF:models\pokemon.js
FN:3,(anonymous_0)
FN:5,(anonymous_1)
FNF:2
FNH:2
FNDA:9,(anonymous_0)
FNDA:9,(anonymous_1)
DA:2,9
DA:3,9
DA:6,9
DA:9,9
DA:40,9
LF:5
LH:5
BRF:0
BRH:0
end_of_record
TN:
SF:models\team.js
FN:3,(anonymous_0)
FN:5,(anonymous_1)
FNF:2
FNH:2
FNDA:9,(anonymous_0)
FNDA:9,(anonymous_1)
DA:2,9
DA:3,9
DA:6,9
DA:7,9
DA:10,9
DA:31,9
LF:6
LH:6
BRF:0
BRH:0
end_of_record
TN:
SF:models\teampokemon.js
FN:3,(anonymous_0)
FN:5,(anonymous_1)
FNF:2
FNH:2
FNDA:9,(anonymous_0)
FNDA:9,(anonymous_1)
DA:2,9
DA:3,9
DA:6,9
DA:9,9
DA:49,9
LF:5
LH:5
BRF:0
BRH:0
end_of_record
TN:
SF:models\user.js
FN:3,(anonymous_0)
FN:5,(anonymous_1)
FNF:2
FNH:2
FNDA:9,(anonymous_0)
FNDA:9,(anonymous_1)
DA:2,9
DA:3,9
DA:6,9
DA:9,9
DA:60,9
LF:5
LH:5
BRF:0
BRH:0
end_of_record
TN:
SF:routes\authRoute.js
FNF:0
FNH:0
DA:1,1
DA:2,1
DA:3,1
DA:5,1
DA:6,1
DA:7,1
DA:9,1
LF:7
LH:7
BRF:0
BRH:0
end_of_record
TN:
SF:routes\geminiRoute.js
FNF:0
FNH:0
DA:1,1
DA:2,1
DA:3,1
DA:4,1
DA:7,1
DA:10,1
DA:13,1
DA:15,1
LF:8
LH:8
BRF:0
BRH:0
end_of_record
TN:
SF:routes\moveRoute.js
FN:7,(anonymous_0)
FNF:1
FNH:1
FNDA:2,(anonymous_0)
DA:1,1
DA:2,1
DA:3,1
DA:4,1
DA:7,1
DA:8,2
DA:9,2
DA:12,2
DA:21,2
DA:24,2
DA:25,2
DA:26,7
DA:34,6
DA:35,0
DA:36,0
DA:40,1
DA:41,1
DA:42,1
DA:48,0
DA:59,1
DA:60,1
DA:64,1
LF:22
LH:19
BRDA:34,0,0,0
BRDA:34,0,1,6
BRDA:40,1,0,1
BRDA:40,1,1,0
BRF:4
BRH:2
end_of_record
TN:
SF:routes\pokemonRoute.js
FNF:0
FNH:0
DA:1,1
DA:2,1
DA:3,1
DA:5,1
DA:6,1
DA:8,1
LF:6
LH:6
BRF:0
BRH:0
end_of_record
TN:
SF:routes\teamRoute.js
FNF:0
FNH:0
DA:1,1
DA:2,1
DA:3,1
DA:4,1
DA:6,1
DA:8,1
DA:9,1
DA:10,1
DA:11,1
DA:12,1
DA:13,1
DA:14,1
DA:15,1
DA:17,1
LF:14
LH:14
BRF:0
BRH:0
end_of_record
